<?xml version="1.0" encoding="UTF-8"?>
<!-- Generated by org.testng.reporters.JUnitXMLReporter -->
<testsuite ignored="0" hostname="Saradhaas-MacBook-Pro.local" failures="0" tests="2" name="Default test" time="1.206" errors="0" timestamp="2024-05-22T13:35:45 BST">
  <testcase classname="Weather.OpenWeatherMap_API_NegativeTest" name="testCityNotFound" time="0.778"/>
  <testcase classname="Weather.OpenWeatherMap_API_NegativeTest" name="testInvalidKey" time="0.267"/>
</testsuite> <!-- Default test -->
