<?xml version="1.0" encoding="UTF-8"?>
<!-- Generated by org.testng.reporters.JUnitReportReporter -->
<testsuite hostname="Saradhaas-MacBook-Pro.local" failures="0" tests="2" name="Weather.OpenWeatherMap_API_PositiveTest" time="1.160" errors="0" timestamp="28 May 2024 11:12:37 GMT" skipped="0">
  <testcase classname="Weather.OpenWeatherMap_API_PositiveTest" name="testWeatherByCity" time="0.828"/>
  <testcase classname="Weather.OpenWeatherMap_API_PositiveTest" name="testWeatherByCoordinate" time="0.332"/>
</testsuite> <!-- Weather.OpenWeatherMap_API_PositiveTest -->
