<?xml version="1.0" encoding="UTF-8"?>
<!-- Generated by org.testng.reporters.JUnitXMLReporter -->
<testsuite ignored="0" hostname="Saradhaas-MacBook-Pro.local" failures="0" tests="2" name="Default test" time="1.4" errors="0" timestamp="28 May 2024 11:12:37 GMT">
  <testcase classname="Weather.OpenWeatherMap_API_PositiveTest" name="testWeatherByCity" time="0.822"/>
  <testcase classname="Weather.OpenWeatherMap_API_PositiveTest" name="testWeatherByCoordinate" time="0.209"/>
</testsuite> <!-- Default test -->
