<?xml version="1.0" encoding="UTF-8"?>
<testng-results ignored="0" total="2" passed="2" failed="0" skipped="0">
  <reporter-output>
  </reporter-output>
  <suite started-at="2024-05-28T11:44:32Z" name="Default suite" finished-at="2024-05-28T11:44:33Z" duration-ms="1324">
    <groups>
    </groups>
    <test started-at="2024-05-28T11:44:32Z" name="Default test" finished-at="2024-05-28T11:44:33Z" duration-ms="1324">
      <class name="Weather.OpenWeatherMap_API_PositiveTest">
        <test-method is-config="true" signature="setup()[pri:0, instance:Weather.OpenWeatherMap_API_PositiveTest@54c5a2ff]" started-at="2024-05-28T12:44:32Z" name="setup" finished-at="2024-05-28T12:44:32Z" duration-ms="238" status="PASS">
          <reporter-output>
          </reporter-output>
        </test-method> <!-- setup -->
        <test-method signature="testWeatherByCity()[pri:0, instance:Weather.OpenWeatherMap_API_PositiveTest@54c5a2ff]" started-at="2024-05-28T12:44:32Z" name="testWeatherByCity" finished-at="2024-05-28T12:44:33Z" duration-ms="731" status="PASS">
          <reporter-output>
          </reporter-output>
        </test-method> <!-- testWeatherByCity -->
        <test-method is-config="true" signature="getResult(org.testng.ITestResult)[pri:0, instance:Weather.OpenWeatherMap_API_PositiveTest@54c5a2ff]" started-at="2024-05-28T12:44:33Z" name="getResult" finished-at="2024-05-28T12:44:33Z" duration-ms="129" status="PASS">
          <params>
            <param index="0">
              <value>
                <![CDATA[[TestResult name=testWeatherByCity status=SUCCESS method=OpenWeatherMap_API_PositiveTest.testWeatherByCity()[pri:0, instance:Weather.OpenWeatherMap_API_PositiveTest@54c5a2ff] output={null}]]]>
              </value>
            </param>
          </params>
          <reporter-output>
          </reporter-output>
        </test-method> <!-- getResult -->
        <test-method signature="testWeatherByCoordinate()[pri:0, instance:Weather.OpenWeatherMap_API_PositiveTest@54c5a2ff]" started-at="2024-05-28T12:44:33Z" name="testWeatherByCoordinate" finished-at="2024-05-28T12:44:33Z" duration-ms="209" status="PASS">
          <reporter-output>
          </reporter-output>
        </test-method> <!-- testWeatherByCoordinate -->
        <test-method is-config="true" signature="getResult(org.testng.ITestResult)[pri:0, instance:Weather.OpenWeatherMap_API_PositiveTest@54c5a2ff]" started-at="2024-05-28T12:44:33Z" name="getResult" finished-at="2024-05-28T12:44:33Z" duration-ms="7" status="PASS">
          <params>
            <param index="0">
              <value>
                <![CDATA[[TestResult name=testWeatherByCoordinate status=SUCCESS method=OpenWeatherMap_API_PositiveTest.testWeatherByCoordinate()[pri:0, instance:Weather.OpenWeatherMap_API_PositiveTest@54c5a2ff] output={null}]]]>
              </value>
            </param>
          </params>
          <reporter-output>
          </reporter-output>
        </test-method> <!-- getResult -->
        <test-method is-config="true" signature="teardown()[pri:0, instance:Weather.OpenWeatherMap_API_PositiveTest@54c5a2ff]" started-at="2024-05-28T12:44:33Z" name="teardown" finished-at="2024-05-28T12:44:33Z" duration-ms="4" status="PASS">
          <reporter-output>
          </reporter-output>
        </test-method> <!-- teardown -->
      </class> <!-- Weather.OpenWeatherMap_API_PositiveTest -->
    </test> <!-- Default test -->
  </suite> <!-- Default suite -->
</testng-results>
