<?xml version="1.0" encoding="UTF-8"?>
<testng-results ignored="0" total="2" passed="2" failed="0" skipped="0">
  <reporter-output>
  </reporter-output>
  <suite started-at="2024-05-22T13:35:43 BST" name="Default suite" finished-at="2024-05-22T13:35:45 BST" duration-ms="1206">
    <groups>
    </groups>
    <test started-at="2024-05-22T13:35:43 BST" name="Default test" finished-at="2024-05-22T13:35:45 BST" duration-ms="1206">
      <class name="Weather.OpenWeatherMap_API_NegativeTest">
        <test-method is-config="true" signature="setup()[pri:0, instance:Weather.OpenWeatherMap_API_NegativeTest@a9cd3b1]" started-at="2024-05-22T13:35:43 BST" name="setup" finished-at="2024-05-22T13:35:44 BST" duration-ms="145" status="PASS">
          <reporter-output>
          </reporter-output>
        </test-method> <!-- setup -->
        <test-method signature="testCityNotFound()[pri:0, instance:Weather.OpenWeatherMap_API_NegativeTest@a9cd3b1]" started-at="2024-05-22T13:35:44 BST" name="testCityNotFound" finished-at="2024-05-22T13:35:44 BST" duration-ms="778" status="PASS">
          <reporter-output>
          </reporter-output>
        </test-method> <!-- testCityNotFound -->
        <test-method signature="testInvalidKey()[pri:0, instance:Weather.OpenWeatherMap_API_NegativeTest@a9cd3b1]" started-at="2024-05-22T13:35:44 BST" name="testInvalidKey" finished-at="2024-05-22T13:35:45 BST" duration-ms="267" status="PASS">
          <reporter-output>
          </reporter-output>
        </test-method> <!-- testInvalidKey -->
        <test-method is-config="true" signature="teardown()[pri:0, instance:Weather.OpenWeatherMap_API_NegativeTest@a9cd3b1]" started-at="2024-05-22T13:35:45 BST" name="teardown" finished-at="2024-05-22T13:35:45 BST" duration-ms="0" status="PASS">
          <reporter-output>
          </reporter-output>
        </test-method> <!-- teardown -->
      </class> <!-- Weather.OpenWeatherMap_API_NegativeTest -->
    </test> <!-- Default test -->
  </suite> <!-- Default suite -->
</testng-results>
